Using pre-set license
Built from '2020.3/staging' branch; Version is '2020.3.4f1 (0abb6314276a) revision 703331'; Using compiler version '192528614'; Build Type 'Release'
OS: 'Windows 10 Enterprise; OS build 19042.928; Version 2009; 64bit' Language: 'en' Physical Memory: 16272 MB
BatchMode: 1, IsHumanControllingUs: 0, StartBugReporterOnCrash: 0, Is64bit: 1, IsPro: 0

 COMMAND LINE ARGUMENTS:
C:\Program Files\Unity\Hub\Editor\2020.3.4f1\Editor\Unity.exe
-adb2
-batchMode
-noUpm
-name
AssetImportWorker0
-projectPath
C:/Unity Projects/SpellSmash
-logFile
Logs/AssetImportWorker0.log
-srvPort
64740
Successfully changed project path to: C:/Unity Projects/SpellSmash
C:/Unity Projects/SpellSmash
Using Asset Import Pipeline V2.
Refreshing native plugins compatible for Editor in 62.68 ms, found 1 plugins.
Preloading 0 native plugins for Editor in 0.00 ms.
Initialize engine version: 2020.3.4f1 (0abb6314276a)
[Subsystems] Discovering subsystems at path C:/Program Files/Unity/Hub/Editor/2020.3.4f1/Editor/Data/Resources/UnitySubsystems
[Subsystems] Discovering subsystems at path C:/Unity Projects/SpellSmash/Assets
GfxDevice: creating device client; threaded=0
Direct3D:
    Version:  Direct3D 11.0 [level 11.0]
    Renderer: NVIDIA GeForce 830M (ID=0x1340)
    Vendor:   
    VRAM:     2010 MB
    Driver:   27.21.14.5241
Initialize mono
Mono path[0] = 'C:/Program Files/Unity/Hub/Editor/2020.3.4f1/Editor/Data/Managed'
Mono path[1] = 'C:/Program Files/Unity/Hub/Editor/2020.3.4f1/Editor/Data/MonoBleedingEdge/lib/mono/unityjit'
Mono config path = 'C:/Program Files/Unity/Hub/Editor/2020.3.4f1/Editor/Data/MonoBleedingEdge/etc'
Using monoOptions --debugger-agent=transport=dt_socket,embedding=1,server=y,suspend=n,address=127.0.0.1:56884
Begin MonoManager ReloadAssembly
Registering precompiled unity dll's ...
Register platform support module: C:/Program Files/Unity/Hub/Editor/2020.3.4f1/Editor/Data/PlaybackEngines/WindowsStandaloneSupport/UnityEditor.WindowsStandalone.Extensions.dll
Registered in 0.003133 seconds.
Native extension for WindowsStandalone target not found
Refreshing native plugins compatible for Editor in 63.11 ms, found 1 plugins.
Preloading 0 native plugins for Editor in 0.00 ms.
Mono: successfully reloaded assembly
- Completed reload, in  1.567 seconds
Platform modules already initialized, skipping
Registering precompiled user dll's ...
Registered in 0.001439 seconds.
Begin MonoManager ReloadAssembly
Native extension for WindowsStandalone target not found
Refreshing native plugins compatible for Editor in 60.94 ms, found 1 plugins.
Preloading 0 native plugins for Editor in 0.00 ms.
Mono: successfully reloaded assembly
- Completed reload, in  1.491 seconds
Platform modules already initialized, skipping
========================================================================
Worker process is ready to serve import requests
Launched and connected shader compiler UnityShaderCompiler.exe after 0.07 seconds
Refreshing native plugins compatible for Editor in 0.77 ms, found 1 plugins.
Preloading 0 native plugins for Editor in 0.00 ms.
Unloading 2123 Unused Serialized files (Serialized files now loaded: 0)
System memory in use before: 97.9 MB.
System memory in use after: 97.9 MB.

Unloading 21 unused Assets to reduce memory usage. Loaded Objects now: 2572.
Total: 4.528400 ms (FindLiveObjects: 0.361900 ms CreateObjectMapping: 0.126100 ms MarkObjects: 3.908600 ms  DeleteObjects: 0.129600 ms)

========================================================================
Received Import Request.
  path: Assets/Scripts/Commands
  artifactKey: Guid(9761d9b937627b644aced514e3d85a28) Importer(815301076,1909f56bfc062723c751e8b465ee728b)
Start importing Assets/Scripts/Commands using Guid(9761d9b937627b644aced514e3d85a28) Importer(815301076,1909f56bfc062723c751e8b465ee728b)  -> (artifact id: '9556e3c0a8edc6aa44b2dd28786eed09') in 0.015583 seconds
  Import took 0.021136 seconds .

========================================================================
Received Import Request.
  Time since last request: 0.000249 seconds.
  path: Assets/Scripts
  artifactKey: Guid(4d6326c8313c63042a8791dbec3c112d) Importer(815301076,1909f56bfc062723c751e8b465ee728b)
Start importing Assets/Scripts using Guid(4d6326c8313c63042a8791dbec3c112d) Importer(815301076,1909f56bfc062723c751e8b465ee728b)  -> (artifact id: '721fe30964ea62e8e3372f709f38f271') in 0.012071 seconds
  Import took 0.018549 seconds .

========================================================================
Received Import Request.
  Time since last request: 0.883692 seconds.
  path: Assets/Scripts/BoardScripts
  artifactKey: Guid(3073df2a33b2d0044b2f635793132949) Importer(815301076,1909f56bfc062723c751e8b465ee728b)
Start importing Assets/Scripts/BoardScripts using Guid(3073df2a33b2d0044b2f635793132949) Importer(815301076,1909f56bfc062723c751e8b465ee728b)  -> (artifact id: 'c76942ad476fcf59e9c404189a721aeb') in 0.010703 seconds
  Import took 0.017290 seconds .

========================================================================
Received Import Request.
  Time since last request: 14.188956 seconds.
  path: Assets/Scripts/BoardScripts/Board.cs
  artifactKey: Guid(f61eb808eb1d7424b8a774af64d03bb6) Importer(815301076,1909f56bfc062723c751e8b465ee728b)
Start importing Assets/Scripts/BoardScripts/Board.cs using Guid(f61eb808eb1d7424b8a774af64d03bb6) Importer(815301076,1909f56bfc062723c751e8b465ee728b)  -> (artifact id: '3272510f7ca730646358f6f3ad744eeb') in 0.173864 seconds
  Import took 0.179791 seconds .

========================================================================
Received Prepare
Registering precompiled user dll's ...
Registered in 0.001503 seconds.
Begin MonoManager ReloadAssembly
Native extension for WindowsStandalone target not found
Refreshing native plugins compatible for Editor in 0.50 ms, found 1 plugins.
Preloading 0 native plugins for Editor in 0.00 ms.
Mono: successfully reloaded assembly
- Completed reload, in  1.727 seconds
Platform modules already initialized, skipping
Refreshing native plugins compatible for Editor in 0.73 ms, found 1 plugins.
Preloading 0 native plugins for Editor in 0.00 ms.
Unloading 2100 Unused Serialized files (Serialized files now loaded: 0)
System memory in use before: 96.2 MB.
System memory in use after: 96.3 MB.

Unloading 7 unused Assets to reduce memory usage. Loaded Objects now: 2576.
Total: 25.273700 ms (FindLiveObjects: 0.213200 ms CreateObjectMapping: 0.219600 ms MarkObjects: 24.780600 ms  DeleteObjects: 0.057800 ms)

